0 silly argv {
0 silly argv   _: [ 'version' ],
0 silly argv   lernaVersion: '7.3.1',
0 silly argv   '$0': 'node_modules/lerna/dist/cli.js'
0 silly argv }
1 notice cli v7.3.1
2 verbose packageConfigs Package manager "pnpm" detected. Resolving packages using `pnpm-workspace.yaml`.
3 verbose rootPath /Users/rams23/git/os/react-native-engine
4 info current version 0.0.0
5 silly isAnythingCommitted
6 verbose isAnythingCommitted 1
7 silly getCurrentBranch
8 verbose currentBranch main
9 silly remoteBranchExists
10 silly isBehindUpstream
11 error Error: Command failed with exit code 1: git remote update
11 error remote: Repository not found.
11 error fatal: repository 'https://github.com/xtreamsrl/rn-build-hub.git/' not found
11 error error: could not fetch rnbuildhub
11 error Fetching origin
11 error Fetching rnbuildhub
11 error     at makeError (/Users/rams23/git/os/react-native-engine/node_modules/.pnpm/execa@5.1.1/node_modules/execa/lib/error.js:60:11)
11 error     at Function.module.exports.sync (/Users/rams23/git/os/react-native-engine/node_modules/.pnpm/execa@5.1.1/node_modules/execa/index.js:194:17)
11 error     at Object.execSync (/Users/rams23/git/os/react-native-engine/node_modules/.pnpm/@lerna+child-process@7.3.1/node_modules/@lerna/child-process/index.js:39:16)
11 error     at updateRemote (/Users/rams23/git/os/react-native-engine/node_modules/.pnpm/lerna@7.3.1/node_modules/lerna/dist/index.js:7601:18)
11 error     at isBehindUpstream (/Users/rams23/git/os/react-native-engine/node_modules/.pnpm/lerna@7.3.1/node_modules/lerna/dist/index.js:7591:3)
11 error     at VersionCommand.initialize (/Users/rams23/git/os/react-native-engine/node_modules/.pnpm/lerna@7.3.1/node_modules/lerna/dist/index.js:7898:57)
